<?xml version="1.0" encoding="UTF-8"?>
<coverage generated="1579015699834" clover="3.2.0">
  <project timestamp="1579015699834" name="All files">
    <metrics statements="92" coveredstatements="92" conditionals="4" coveredconditionals="3" methods="17" coveredmethods="17" elements="113" coveredelements="112" complexity="0" loc="92" ncloc="92" packages="2" files="12" classes="12"/>
    <package name="Models">
      <metrics statements="33" coveredstatements="33" conditionals="4" coveredconditionals="3" methods="8" coveredmethods="8"/>
      <file name="ChartItem.ts" path="/Users/marvinknabe/Entwicklung/flutter/podcast_youtube/podapi_ts/src/Models/ChartItem.ts">
        <metrics statements="22" coveredstatements="22" conditionals="4" coveredconditionals="3" methods="3" coveredmethods="3"/>
        <line num="1" count="2" type="stmt"/>
        <line num="6" count="2" type="stmt"/>
        <line num="20" count="2" type="stmt"/>
        <line num="22" count="2" type="stmt"/>
        <line num="25" count="2" type="stmt"/>
        <line num="28" count="2" type="stmt"/>
        <line num="31" count="2" type="stmt"/>
        <line num="34" count="2" type="stmt"/>
        <line num="37" count="2" type="stmt"/>
        <line num="40" count="2" type="stmt"/>
        <line num="43" count="2" type="stmt"/>
        <line num="46" count="61" type="stmt"/>
        <line num="50" count="61" type="stmt"/>
        <line num="51" count="61" type="stmt"/>
        <line num="52" count="61" type="stmt"/>
        <line num="53" count="183" type="stmt"/>
        <line num="54" count="61" type="stmt"/>
        <line num="55" count="61" type="stmt"/>
        <line num="57" count="61" type="cond" truecount="2" falsecount="0"/>
        <line num="58" count="27" type="stmt"/>
        <line num="59" count="34" type="cond" truecount="1" falsecount="1"/>
        <line num="60" count="34" type="stmt"/>
      </file>
      <file name="ChartResponse.ts" path="/Users/marvinknabe/Entwicklung/flutter/podcast_youtube/podapi_ts/src/Models/ChartResponse.ts">
        <metrics statements="7" coveredstatements="7" conditionals="0" coveredconditionals="0" methods="3" coveredmethods="3"/>
        <line num="1" count="1" type="stmt"/>
        <line num="2" count="1" type="stmt"/>
        <line num="4" count="1" type="stmt"/>
        <line num="11" count="1" type="stmt"/>
        <line num="14" count="1" type="stmt"/>
        <line num="17" count="2" type="stmt"/>
        <line num="21" count="60" type="stmt"/>
      </file>
      <file name="Model.ts" path="/Users/marvinknabe/Entwicklung/flutter/podcast_youtube/podapi_ts/src/Models/Model.ts">
        <metrics statements="4" coveredstatements="4" conditionals="0" coveredconditionals="0" methods="2" coveredmethods="2"/>
        <line num="1" count="2" type="stmt"/>
        <line num="5" count="63" type="stmt"/>
        <line num="11" count="1" type="stmt"/>
        <line num="15" count="2" type="stmt"/>
      </file>
    </package>
    <package name="Models.DTOs">
      <metrics statements="59" coveredstatements="59" conditionals="0" coveredconditionals="0" methods="9" coveredmethods="9"/>
      <file name="AuthorDTO.ts" path="/Users/marvinknabe/Entwicklung/flutter/podcast_youtube/podapi_ts/src/Models/DTOs/AuthorDTO.ts">
        <metrics statements="4" coveredstatements="4" conditionals="0" coveredconditionals="0" methods="1" coveredmethods="1"/>
        <line num="1" count="4" type="stmt"/>
        <line num="5" count="12" type="stmt"/>
        <line num="8" count="12" type="stmt"/>
        <line num="11" count="4" type="stmt"/>
      </file>
      <file name="CategoryDTO.ts" path="/Users/marvinknabe/Entwicklung/flutter/podcast_youtube/podapi_ts/src/Models/DTOs/CategoryDTO.ts">
        <metrics statements="5" coveredstatements="5" conditionals="0" coveredconditionals="0" methods="1" coveredmethods="1"/>
        <line num="1" count="4" type="stmt"/>
        <line num="5" count="360" type="stmt"/>
        <line num="8" count="360" type="stmt"/>
        <line num="11" count="360" type="stmt"/>
        <line num="14" count="4" type="stmt"/>
      </file>
      <file name="ContentDTO.ts" path="/Users/marvinknabe/Entwicklung/flutter/podcast_youtube/podapi_ts/src/Models/DTOs/ContentDTO.ts">
        <metrics statements="4" coveredstatements="4" conditionals="0" coveredconditionals="0" methods="1" coveredmethods="1"/>
        <line num="1" count="4" type="stmt"/>
        <line num="5" count="360" type="stmt"/>
        <line num="8" count="360" type="stmt"/>
        <line num="11" count="4" type="stmt"/>
      </file>
      <file name="EntryDTO.ts" path="/Users/marvinknabe/Entwicklung/flutter/podcast_youtube/podapi_ts/src/Models/DTOs/EntryDTO.ts">
        <metrics statements="17" coveredstatements="17" conditionals="0" coveredconditionals="0" methods="1" coveredmethods="1"/>
        <line num="1" count="4" type="stmt"/>
        <line num="3" count="4" type="stmt"/>
        <line num="4" count="4" type="stmt"/>
        <line num="5" count="4" type="stmt"/>
        <line num="6" count="4" type="stmt"/>
        <line num="7" count="4" type="stmt"/>
        <line num="11" count="4" type="stmt"/>
        <line num="14" count="360" type="stmt"/>
        <line num="17" count="360" type="stmt"/>
        <line num="20" count="360" type="stmt"/>
        <line num="23" count="360" type="stmt"/>
        <line num="26" count="360" type="stmt"/>
        <line num="29" count="360" type="stmt"/>
        <line num="32" count="360" type="stmt"/>
        <line num="35" count="360" type="stmt"/>
        <line num="38" count="360" type="stmt"/>
        <line num="41" count="4" type="stmt"/>
      </file>
      <file name="FeedDTO.ts" path="/Users/marvinknabe/Entwicklung/flutter/podcast_youtube/podapi_ts/src/Models/DTOs/FeedDTO.ts">
        <metrics statements="13" coveredstatements="13" conditionals="0" coveredconditionals="0" methods="1" coveredmethods="1"/>
        <line num="1" count="4" type="stmt"/>
        <line num="2" count="4" type="stmt"/>
        <line num="3" count="4" type="stmt"/>
        <line num="4" count="4" type="stmt"/>
        <line num="8" count="10" type="stmt"/>
        <line num="11" count="10" type="stmt"/>
        <line num="14" count="10" type="stmt"/>
        <line num="17" count="10" type="stmt"/>
        <line num="20" count="10" type="stmt"/>
        <line num="23" count="10" type="stmt"/>
        <line num="26" count="10" type="stmt"/>
        <line num="29" count="10" type="stmt"/>
        <line num="32" count="4" type="stmt"/>
      </file>
      <file name="FeedResponseDTO.ts" path="/Users/marvinknabe/Entwicklung/flutter/podcast_youtube/podapi_ts/src/Models/DTOs/FeedResponseDTO.ts">
        <metrics statements="4" coveredstatements="4" conditionals="0" coveredconditionals="0" methods="1" coveredmethods="1"/>
        <line num="1" count="3" type="stmt"/>
        <line num="2" count="3" type="stmt"/>
        <line num="6" count="4" type="stmt"/>
        <line num="9" count="3" type="stmt"/>
      </file>
      <file name="IdDTO.ts" path="/Users/marvinknabe/Entwicklung/flutter/podcast_youtube/podapi_ts/src/Models/DTOs/IdDTO.ts">
        <metrics statements="4" coveredstatements="4" conditionals="0" coveredconditionals="0" methods="1" coveredmethods="1"/>
        <line num="1" count="4" type="stmt"/>
        <line num="5" count="360" type="stmt"/>
        <line num="8" count="360" type="stmt"/>
        <line num="11" count="4" type="stmt"/>
      </file>
      <file name="ImageDTO.ts" path="/Users/marvinknabe/Entwicklung/flutter/podcast_youtube/podapi_ts/src/Models/DTOs/ImageDTO.ts">
        <metrics statements="4" coveredstatements="4" conditionals="0" coveredconditionals="0" methods="1" coveredmethods="1"/>
        <line num="1" count="4" type="stmt"/>
        <line num="5" count="1080" type="stmt"/>
        <line num="8" count="1080" type="stmt"/>
        <line num="11" count="4" type="stmt"/>
      </file>
      <file name="ReleaseDateDTO.ts" path="/Users/marvinknabe/Entwicklung/flutter/podcast_youtube/podapi_ts/src/Models/DTOs/ReleaseDateDTO.ts">
        <metrics statements="4" coveredstatements="4" conditionals="0" coveredconditionals="0" methods="1" coveredmethods="1"/>
        <line num="1" count="4" type="stmt"/>
        <line num="5" count="360" type="stmt"/>
        <line num="8" count="360" type="stmt"/>
        <line num="11" count="4" type="stmt"/>
      </file>
    </package>
  </project>
</coverage>
