{"/Users/marvinknabe/Entwicklung/flutter/podcast_youtube/podapi_ts/src/Models/ChartItem.ts": {"path":"/Users/marvinknabe/Entwicklung/flutter/podcast_youtube/podapi_ts/src/Models/ChartItem.ts","statementMap":{"0":{"start":{"line":1,"column":0},"end":{"line":1,"column":62}},"1":{"start":{"line":6,"column":0},"end":{"line":6,"column":28}},"2":{"start":{"line":46,"column":4},"end":{"line":46,"column":15}},"3":{"start":{"line":50,"column":4},"end":{"line":50,"column":24}},"4":{"start":{"line":51,"column":4},"end":{"line":51,"column":27}},"5":{"start":{"line":52,"column":4},"end":{"line":52,"column":31}},"6":{"start":{"line":53,"column":4},"end":{"line":53,"column":63}},"7":{"start":{"line":53,"column":48},"end":{"line":53,"column":61}},"8":{"start":{"line":54,"column":4},"end":{"line":54,"column":45}},"9":{"start":{"line":55,"column":4},"end":{"line":55,"column":39}},"10":{"start":{"line":57,"column":4},"end":{"line":61,"column":null}},"11":{"start":{"line":58,"column":6},"end":{"line":58,"column":68}},"12":{"start":{"line":59,"column":11},"end":{"line":61,"column":null}},"13":{"start":{"line":60,"column":6},"end":{"line":60,"column":41}},"14":{"start":{"line":22,"column":2},"end":{"line":22,"column":null}},"15":{"start":{"line":25,"column":2},"end":{"line":25,"column":null}},"16":{"start":{"line":28,"column":2},"end":{"line":28,"column":null}},"17":{"start":{"line":31,"column":2},"end":{"line":31,"column":null}},"18":{"start":{"line":34,"column":2},"end":{"line":34,"column":null}},"19":{"start":{"line":37,"column":2},"end":{"line":37,"column":null}},"20":{"start":{"line":40,"column":2},"end":{"line":40,"column":null}},"21":{"start":{"line":43,"column":2},"end":{"line":43,"column":null}},"22":{"start":{"line":20,"column":0},"end":{"line":20,"column":13}}},"fnMap":{"0":{"name":"(anonymous_3)","decl":{"start":{"line":45,"column":2},"end":{"line":45,"column":14}},"loc":{"start":{"line":45,"column":27},"end":{"line":47,"column":3}}},"1":{"name":"(anonymous_4)","decl":{"start":{"line":49,"column":9},"end":{"line":49,"column":19}},"loc":{"start":{"line":49,"column":33},"end":{"line":62,"column":3}}},"2":{"name":"(anonymous_5)","decl":{"start":{"line":53,"column":36},"end":{"line":53,"column":44}},"loc":{"start":{"line":53,"column":48},"end":{"line":53,"column":61}}}},"branchMap":{"0":{"loc":{"start":{"line":57,"column":4},"end":{"line":61,"column":null}},"type":"if","locations":[{"start":{"line":57,"column":4},"end":{"line":61,"column":null}},{"start":{"line":57,"column":4},"end":{"line":61,"column":null}}]},"1":{"loc":{"start":{"line":59,"column":11},"end":{"line":61,"column":null}},"type":"if","locations":[{"start":{"line":59,"column":11},"end":{"line":61,"column":null}},{"start":{"line":59,"column":11},"end":{"line":61,"column":null}}]}},"s":{"0":2,"1":2,"2":61,"3":61,"4":61,"5":61,"6":61,"7":183,"8":61,"9":61,"10":61,"11":27,"12":34,"13":34,"14":2,"15":2,"16":2,"17":2,"18":2,"19":2,"20":2,"21":2,"22":2},"f":{"0":61,"1":61,"2":183},"b":{"0":[27,34],"1":[34,0]}}
,"/Users/marvinknabe/Entwicklung/flutter/podcast_youtube/podapi_ts/src/Models/ChartResponse.ts": {"path":"/Users/marvinknabe/Entwicklung/flutter/podcast_youtube/podapi_ts/src/Models/ChartResponse.ts","statementMap":{"0":{"start":{"line":1,"column":0},"end":{"line":1,"column":64}},"1":{"start":{"line":2,"column":0},"end":{"line":2,"column":40}},"2":{"start":{"line":4,"column":0},"end":{"line":4,"column":28}},"3":{"start":{"line":17,"column":4},"end":{"line":17,"column":15}},"4":{"start":{"line":21,"column":4},"end":{"line":21,"column":75}},"5":{"start":{"line":21,"column":50},"end":{"line":21,"column":73}},"6":{"start":{"line":14,"column":2},"end":{"line":14,"column":null}},"7":{"start":{"line":11,"column":0},"end":{"line":11,"column":13}}},"fnMap":{"0":{"name":"(anonymous_3)","decl":{"start":{"line":16,"column":2},"end":{"line":16,"column":14}},"loc":{"start":{"line":16,"column":34},"end":{"line":18,"column":3}}},"1":{"name":"(anonymous_4)","decl":{"start":{"line":20,"column":9},"end":{"line":20,"column":19}},"loc":{"start":{"line":20,"column":40},"end":{"line":22,"column":3}}},"2":{"name":"(anonymous_5)","decl":{"start":{"line":21,"column":38},"end":{"line":21,"column":46}},"loc":{"start":{"line":21,"column":50},"end":{"line":21,"column":73}}}},"branchMap":{},"s":{"0":1,"1":1,"2":1,"3":2,"4":2,"5":60,"6":1,"7":1},"f":{"0":2,"1":2,"2":60},"b":{}}
,"/Users/marvinknabe/Entwicklung/flutter/podcast_youtube/podapi_ts/src/Models/Model.ts": {"path":"/Users/marvinknabe/Entwicklung/flutter/podcast_youtube/podapi_ts/src/Models/Model.ts","statementMap":{"0":{"start":{"line":1,"column":0},"end":{"line":1,"column":50}},"1":{"start":{"line":5,"column":4},"end":{"line":5,"column":25}},"2":{"start":{"line":11,"column":4},"end":{"line":11,"column":63}},"3":{"start":{"line":15,"column":0},"end":{"line":15,"column":21}}},"fnMap":{"0":{"name":"(anonymous_0)","decl":{"start":{"line":4,"column":2},"end":{"line":4,"column":14}},"loc":{"start":{"line":4,"column":20},"end":{"line":6,"column":3}}},"1":{"name":"(anonymous_1)","decl":{"start":{"line":10,"column":9},"end":{"line":10,"column":15}},"loc":{"start":{"line":10,"column":15},"end":{"line":12,"column":3}}}},"branchMap":{},"s":{"0":2,"1":63,"2":1,"3":2},"f":{"0":63,"1":1},"b":{}}
,"/Users/marvinknabe/Entwicklung/flutter/podcast_youtube/podapi_ts/src/Models/DTOs/AuthorDTO.ts": {"path":"/Users/marvinknabe/Entwicklung/flutter/podcast_youtube/podapi_ts/src/Models/DTOs/AuthorDTO.ts","statementMap":{"0":{"start":{"line":1,"column":0},"end":{"line":1,"column":50}},"1":{"start":{"line":5,"column":9},"end":{"line":5,"column":34}},"2":{"start":{"line":8,"column":9},"end":{"line":8,"column":33}},"3":{"start":{"line":5,"column":2},"end":{"line":5,"column":null}},"4":{"start":{"line":8,"column":2},"end":{"line":8,"column":null}},"5":{"start":{"line":11,"column":0},"end":{"line":11,"column":25}}},"fnMap":{"0":{"name":"(anonymous_2)","decl":{"start":{"line":3,"column":0},"end":{"line":3,"column":6}},"loc":{"start":{"line":3,"column":0},"end":{"line":9,"column":1}}}},"branchMap":{},"s":{"0":4,"1":12,"2":12,"3":4,"4":4,"5":4},"f":{"0":12},"b":{}}
,"/Users/marvinknabe/Entwicklung/flutter/podcast_youtube/podapi_ts/src/Models/DTOs/CategoryDTO.ts": {"path":"/Users/marvinknabe/Entwicklung/flutter/podcast_youtube/podapi_ts/src/Models/DTOs/CategoryDTO.ts","statementMap":{"0":{"start":{"line":1,"column":0},"end":{"line":1,"column":50}},"1":{"start":{"line":5,"column":9},"end":{"line":5,"column":32}},"2":{"start":{"line":8,"column":9},"end":{"line":8,"column":34}},"3":{"start":{"line":11,"column":9},"end":{"line":11,"column":35}},"4":{"start":{"line":5,"column":2},"end":{"line":5,"column":null}},"5":{"start":{"line":8,"column":2},"end":{"line":8,"column":null}},"6":{"start":{"line":11,"column":2},"end":{"line":11,"column":null}},"7":{"start":{"line":14,"column":0},"end":{"line":14,"column":27}}},"fnMap":{"0":{"name":"(anonymous_2)","decl":{"start":{"line":3,"column":0},"end":{"line":3,"column":6}},"loc":{"start":{"line":3,"column":0},"end":{"line":12,"column":1}}}},"branchMap":{},"s":{"0":4,"1":360,"2":360,"3":360,"4":4,"5":4,"6":4,"7":4},"f":{"0":360},"b":{}}
,"/Users/marvinknabe/Entwicklung/flutter/podcast_youtube/podapi_ts/src/Models/DTOs/ContentDTO.ts": {"path":"/Users/marvinknabe/Entwicklung/flutter/podcast_youtube/podapi_ts/src/Models/DTOs/ContentDTO.ts","statementMap":{"0":{"start":{"line":1,"column":0},"end":{"line":1,"column":50}},"1":{"start":{"line":5,"column":9},"end":{"line":5,"column":34}},"2":{"start":{"line":8,"column":9},"end":{"line":8,"column":34}},"3":{"start":{"line":5,"column":2},"end":{"line":5,"column":null}},"4":{"start":{"line":8,"column":2},"end":{"line":8,"column":null}},"5":{"start":{"line":11,"column":0},"end":{"line":11,"column":26}}},"fnMap":{"0":{"name":"(anonymous_2)","decl":{"start":{"line":3,"column":0},"end":{"line":3,"column":6}},"loc":{"start":{"line":3,"column":0},"end":{"line":9,"column":1}}}},"branchMap":{},"s":{"0":4,"1":360,"2":360,"3":4,"4":4,"5":4},"f":{"0":360},"b":{}}
,"/Users/marvinknabe/Entwicklung/flutter/podcast_youtube/podapi_ts/src/Models/DTOs/EntryDTO.ts": {"path":"/Users/marvinknabe/Entwicklung/flutter/podcast_youtube/podapi_ts/src/Models/DTOs/EntryDTO.ts","statementMap":{"0":{"start":{"line":1,"column":0},"end":{"line":1,"column":50}},"1":{"start":{"line":3,"column":0},"end":{"line":3,"column":40}},"2":{"start":{"line":4,"column":0},"end":{"line":4,"column":38}},"3":{"start":{"line":5,"column":0},"end":{"line":5,"column":28}},"4":{"start":{"line":6,"column":0},"end":{"line":6,"column":34}},"5":{"start":{"line":7,"column":0},"end":{"line":7,"column":46}},"6":{"start":{"line":14,"column":9},"end":{"line":14,"column":31}},"7":{"start":{"line":17,"column":9},"end":{"line":17,"column":35}},"8":{"start":{"line":20,"column":9},"end":{"line":20,"column":37}},"9":{"start":{"line":23,"column":9},"end":{"line":23,"column":34}},"10":{"start":{"line":26,"column":9},"end":{"line":26,"column":43}},"11":{"start":{"line":29,"column":9},"end":{"line":29,"column":48}},"12":{"start":{"line":32,"column":9},"end":{"line":32,"column":39}},"13":{"start":{"line":35,"column":9},"end":{"line":35,"column":49}},"14":{"start":{"line":38,"column":9},"end":{"line":38,"column":41}},"15":{"start":{"line":11,"column":2},"end":{"line":11,"column":null}},"16":{"start":{"line":14,"column":2},"end":{"line":14,"column":null}},"17":{"start":{"line":17,"column":2},"end":{"line":17,"column":null}},"18":{"start":{"line":20,"column":2},"end":{"line":20,"column":null}},"19":{"start":{"line":23,"column":2},"end":{"line":23,"column":null}},"20":{"start":{"line":26,"column":2},"end":{"line":26,"column":null}},"21":{"start":{"line":29,"column":2},"end":{"line":29,"column":null}},"22":{"start":{"line":32,"column":2},"end":{"line":32,"column":null}},"23":{"start":{"line":35,"column":2},"end":{"line":35,"column":null}},"24":{"start":{"line":38,"column":2},"end":{"line":38,"column":null}},"25":{"start":{"line":41,"column":0},"end":{"line":41,"column":24}}},"fnMap":{"0":{"name":"(anonymous_3)","decl":{"start":{"line":9,"column":0},"end":{"line":9,"column":6}},"loc":{"start":{"line":9,"column":0},"end":{"line":39,"column":1}}}},"branchMap":{},"s":{"0":4,"1":4,"2":4,"3":4,"4":4,"5":4,"6":360,"7":360,"8":360,"9":360,"10":360,"11":360,"12":360,"13":360,"14":360,"15":4,"16":4,"17":4,"18":4,"19":4,"20":4,"21":4,"22":4,"23":4,"24":4,"25":4},"f":{"0":360},"b":{}}
,"/Users/marvinknabe/Entwicklung/flutter/podcast_youtube/podapi_ts/src/Models/DTOs/FeedDTO.ts": {"path":"/Users/marvinknabe/Entwicklung/flutter/podcast_youtube/podapi_ts/src/Models/DTOs/FeedDTO.ts","statementMap":{"0":{"start":{"line":1,"column":0},"end":{"line":1,"column":26}},"1":{"start":{"line":2,"column":0},"end":{"line":2,"column":62}},"2":{"start":{"line":3,"column":0},"end":{"line":3,"column":36}},"3":{"start":{"line":4,"column":0},"end":{"line":4,"column":34}},"4":{"start":{"line":8,"column":9},"end":{"line":8,"column":34}},"5":{"start":{"line":11,"column":9},"end":{"line":11,"column":32}},"6":{"start":{"line":14,"column":9},"end":{"line":14,"column":35}},"7":{"start":{"line":17,"column":9},"end":{"line":17,"column":37}},"8":{"start":{"line":20,"column":9},"end":{"line":20,"column":34}},"9":{"start":{"line":23,"column":9},"end":{"line":23,"column":39}},"10":{"start":{"line":26,"column":9},"end":{"line":26,"column":36}},"11":{"start":{"line":29,"column":9},"end":{"line":29,"column":39}},"12":{"start":{"line":8,"column":2},"end":{"line":8,"column":null}},"13":{"start":{"line":11,"column":2},"end":{"line":11,"column":null}},"14":{"start":{"line":14,"column":2},"end":{"line":14,"column":null}},"15":{"start":{"line":17,"column":2},"end":{"line":17,"column":null}},"16":{"start":{"line":20,"column":2},"end":{"line":20,"column":null}},"17":{"start":{"line":23,"column":2},"end":{"line":23,"column":null}},"18":{"start":{"line":26,"column":2},"end":{"line":26,"column":null}},"19":{"start":{"line":29,"column":2},"end":{"line":29,"column":null}},"20":{"start":{"line":32,"column":0},"end":{"line":32,"column":23}}},"fnMap":{"0":{"name":"(anonymous_3)","decl":{"start":{"line":6,"column":0},"end":{"line":6,"column":6}},"loc":{"start":{"line":6,"column":0},"end":{"line":30,"column":1}}}},"branchMap":{},"s":{"0":4,"1":4,"2":4,"3":4,"4":10,"5":10,"6":10,"7":10,"8":10,"9":10,"10":10,"11":10,"12":4,"13":4,"14":4,"15":4,"16":4,"17":4,"18":4,"19":4,"20":4},"f":{"0":10},"b":{}}
,"/Users/marvinknabe/Entwicklung/flutter/podcast_youtube/podapi_ts/src/Models/DTOs/FeedResponseDTO.ts": {"path":"/Users/marvinknabe/Entwicklung/flutter/podcast_youtube/podapi_ts/src/Models/DTOs/FeedResponseDTO.ts","statementMap":{"0":{"start":{"line":1,"column":0},"end":{"line":1,"column":62}},"1":{"start":{"line":2,"column":0},"end":{"line":2,"column":32}},"2":{"start":{"line":6,"column":9},"end":{"line":6,"column":35}},"3":{"start":{"line":6,"column":2},"end":{"line":6,"column":null}},"4":{"start":{"line":9,"column":0},"end":{"line":9,"column":31}}},"fnMap":{"0":{"name":"(anonymous_3)","decl":{"start":{"line":4,"column":0},"end":{"line":4,"column":6}},"loc":{"start":{"line":4,"column":0},"end":{"line":7,"column":1}}}},"branchMap":{},"s":{"0":3,"1":3,"2":4,"3":3,"4":3},"f":{"0":4},"b":{}}
,"/Users/marvinknabe/Entwicklung/flutter/podcast_youtube/podapi_ts/src/Models/DTOs/IdDTO.ts": {"path":"/Users/marvinknabe/Entwicklung/flutter/podcast_youtube/podapi_ts/src/Models/DTOs/IdDTO.ts","statementMap":{"0":{"start":{"line":1,"column":0},"end":{"line":1,"column":62}},"1":{"start":{"line":5,"column":9},"end":{"line":5,"column":34}},"2":{"start":{"line":8,"column":9},"end":{"line":8,"column":32}},"3":{"start":{"line":5,"column":2},"end":{"line":5,"column":null}},"4":{"start":{"line":8,"column":2},"end":{"line":8,"column":null}},"5":{"start":{"line":11,"column":0},"end":{"line":11,"column":21}}},"fnMap":{"0":{"name":"(anonymous_2)","decl":{"start":{"line":3,"column":0},"end":{"line":3,"column":6}},"loc":{"start":{"line":3,"column":0},"end":{"line":9,"column":1}}}},"branchMap":{},"s":{"0":4,"1":360,"2":360,"3":4,"4":4,"5":4},"f":{"0":360},"b":{}}
,"/Users/marvinknabe/Entwicklung/flutter/podcast_youtube/podapi_ts/src/Models/DTOs/ImageDTO.ts": {"path":"/Users/marvinknabe/Entwicklung/flutter/podcast_youtube/podapi_ts/src/Models/DTOs/ImageDTO.ts","statementMap":{"0":{"start":{"line":1,"column":0},"end":{"line":1,"column":50}},"1":{"start":{"line":5,"column":9},"end":{"line":5,"column":34}},"2":{"start":{"line":8,"column":9},"end":{"line":8,"column":36}},"3":{"start":{"line":5,"column":2},"end":{"line":5,"column":null}},"4":{"start":{"line":8,"column":2},"end":{"line":8,"column":null}},"5":{"start":{"line":11,"column":0},"end":{"line":11,"column":24}}},"fnMap":{"0":{"name":"(anonymous_2)","decl":{"start":{"line":3,"column":0},"end":{"line":3,"column":6}},"loc":{"start":{"line":3,"column":0},"end":{"line":9,"column":1}}}},"branchMap":{},"s":{"0":4,"1":1080,"2":1080,"3":4,"4":4,"5":4},"f":{"0":1080},"b":{}}
,"/Users/marvinknabe/Entwicklung/flutter/podcast_youtube/podapi_ts/src/Models/DTOs/ReleaseDateDTO.ts": {"path":"/Users/marvinknabe/Entwicklung/flutter/podcast_youtube/podapi_ts/src/Models/DTOs/ReleaseDateDTO.ts","statementMap":{"0":{"start":{"line":1,"column":0},"end":{"line":1,"column":50}},"1":{"start":{"line":5,"column":9},"end":{"line":5,"column":34}},"2":{"start":{"line":8,"column":9},"end":{"line":8,"column":35}},"3":{"start":{"line":5,"column":2},"end":{"line":5,"column":null}},"4":{"start":{"line":8,"column":2},"end":{"line":8,"column":null}},"5":{"start":{"line":11,"column":0},"end":{"line":11,"column":30}}},"fnMap":{"0":{"name":"(anonymous_2)","decl":{"start":{"line":3,"column":0},"end":{"line":3,"column":6}},"loc":{"start":{"line":3,"column":0},"end":{"line":9,"column":1}}}},"branchMap":{},"s":{"0":4,"1":360,"2":360,"3":4,"4":4,"5":4},"f":{"0":360},"b":{}}
}
