{"/Users/marvinknabe/Entwicklung/flutter/podcast_youtube/podapi_ts/src/Models/DTOs/AuthorDTO.ts": {"path":"/Users/marvinknabe/Entwicklung/flutter/podcast_youtube/podapi_ts/src/Models/DTOs/AuthorDTO.ts","statementMap":{"0":{"start":{"line":1,"column":0},"end":{"line":1,"column":50}},"1":{"start":{"line":5,"column":9},"end":{"line":5,"column":34}},"2":{"start":{"line":8,"column":9},"end":{"line":8,"column":33}},"3":{"start":{"line":5,"column":2},"end":{"line":5,"column":null}},"4":{"start":{"line":8,"column":2},"end":{"line":8,"column":null}},"5":{"start":{"line":11,"column":0},"end":{"line":11,"column":25}}},"fnMap":{"0":{"name":"(anonymous_2)","decl":{"start":{"line":3,"column":0},"end":{"line":3,"column":6}},"loc":{"start":{"line":3,"column":0},"end":{"line":9,"column":1}}}},"branchMap":{},"s":{"0":1,"1":2,"2":2,"3":1,"4":1,"5":1},"f":{"0":2},"b":{}}
,"/Users/marvinknabe/Entwicklung/flutter/podcast_youtube/podapi_ts/src/Models/DTOs/CategoryDTO.ts": {"path":"/Users/marvinknabe/Entwicklung/flutter/podcast_youtube/podapi_ts/src/Models/DTOs/CategoryDTO.ts","statementMap":{"0":{"start":{"line":1,"column":0},"end":{"line":1,"column":50}},"1":{"start":{"line":5,"column":9},"end":{"line":5,"column":32}},"2":{"start":{"line":8,"column":9},"end":{"line":8,"column":34}},"3":{"start":{"line":11,"column":9},"end":{"line":11,"column":35}},"4":{"start":{"line":5,"column":2},"end":{"line":5,"column":null}},"5":{"start":{"line":8,"column":2},"end":{"line":8,"column":null}},"6":{"start":{"line":11,"column":2},"end":{"line":11,"column":null}},"7":{"start":{"line":14,"column":0},"end":{"line":14,"column":27}}},"fnMap":{"0":{"name":"(anonymous_2)","decl":{"start":{"line":3,"column":0},"end":{"line":3,"column":6}},"loc":{"start":{"line":3,"column":0},"end":{"line":12,"column":1}}}},"branchMap":{},"s":{"0":1,"1":60,"2":60,"3":60,"4":1,"5":1,"6":1,"7":1},"f":{"0":60},"b":{}}
,"/Users/marvinknabe/Entwicklung/flutter/podcast_youtube/podapi_ts/src/Models/DTOs/ContentDTO.ts": {"path":"/Users/marvinknabe/Entwicklung/flutter/podcast_youtube/podapi_ts/src/Models/DTOs/ContentDTO.ts","statementMap":{"0":{"start":{"line":1,"column":0},"end":{"line":1,"column":50}},"1":{"start":{"line":5,"column":9},"end":{"line":5,"column":34}},"2":{"start":{"line":8,"column":9},"end":{"line":8,"column":34}},"3":{"start":{"line":5,"column":2},"end":{"line":5,"column":null}},"4":{"start":{"line":8,"column":2},"end":{"line":8,"column":null}},"5":{"start":{"line":11,"column":0},"end":{"line":11,"column":26}}},"fnMap":{"0":{"name":"(anonymous_2)","decl":{"start":{"line":3,"column":0},"end":{"line":3,"column":6}},"loc":{"start":{"line":3,"column":0},"end":{"line":9,"column":1}}}},"branchMap":{},"s":{"0":1,"1":60,"2":60,"3":1,"4":1,"5":1},"f":{"0":60},"b":{}}
,"/Users/marvinknabe/Entwicklung/flutter/podcast_youtube/podapi_ts/src/Models/DTOs/EntryDTO.ts": {"path":"/Users/marvinknabe/Entwicklung/flutter/podcast_youtube/podapi_ts/src/Models/DTOs/EntryDTO.ts","statementMap":{"0":{"start":{"line":1,"column":0},"end":{"line":1,"column":50}},"1":{"start":{"line":3,"column":0},"end":{"line":3,"column":40}},"2":{"start":{"line":4,"column":0},"end":{"line":4,"column":38}},"3":{"start":{"line":5,"column":0},"end":{"line":5,"column":28}},"4":{"start":{"line":6,"column":0},"end":{"line":6,"column":34}},"5":{"start":{"line":7,"column":0},"end":{"line":7,"column":46}},"6":{"start":{"line":14,"column":9},"end":{"line":14,"column":31}},"7":{"start":{"line":17,"column":9},"end":{"line":17,"column":35}},"8":{"start":{"line":20,"column":9},"end":{"line":20,"column":37}},"9":{"start":{"line":23,"column":9},"end":{"line":23,"column":34}},"10":{"start":{"line":26,"column":9},"end":{"line":26,"column":43}},"11":{"start":{"line":29,"column":9},"end":{"line":29,"column":48}},"12":{"start":{"line":32,"column":9},"end":{"line":32,"column":39}},"13":{"start":{"line":35,"column":9},"end":{"line":35,"column":49}},"14":{"start":{"line":38,"column":9},"end":{"line":38,"column":41}},"15":{"start":{"line":11,"column":2},"end":{"line":11,"column":null}},"16":{"start":{"line":14,"column":2},"end":{"line":14,"column":null}},"17":{"start":{"line":17,"column":2},"end":{"line":17,"column":null}},"18":{"start":{"line":20,"column":2},"end":{"line":20,"column":null}},"19":{"start":{"line":23,"column":2},"end":{"line":23,"column":null}},"20":{"start":{"line":26,"column":2},"end":{"line":26,"column":null}},"21":{"start":{"line":29,"column":2},"end":{"line":29,"column":null}},"22":{"start":{"line":32,"column":2},"end":{"line":32,"column":null}},"23":{"start":{"line":35,"column":2},"end":{"line":35,"column":null}},"24":{"start":{"line":38,"column":2},"end":{"line":38,"column":null}},"25":{"start":{"line":41,"column":0},"end":{"line":41,"column":24}}},"fnMap":{"0":{"name":"(anonymous_3)","decl":{"start":{"line":9,"column":0},"end":{"line":9,"column":6}},"loc":{"start":{"line":9,"column":0},"end":{"line":39,"column":1}}}},"branchMap":{},"s":{"0":1,"1":1,"2":1,"3":1,"4":1,"5":1,"6":60,"7":60,"8":60,"9":60,"10":60,"11":60,"12":60,"13":60,"14":60,"15":1,"16":1,"17":1,"18":1,"19":1,"20":1,"21":1,"22":1,"23":1,"24":1,"25":1},"f":{"0":60},"b":{}}
,"/Users/marvinknabe/Entwicklung/flutter/podcast_youtube/podapi_ts/src/Models/DTOs/FeedDTO.ts": {"path":"/Users/marvinknabe/Entwicklung/flutter/podcast_youtube/podapi_ts/src/Models/DTOs/FeedDTO.ts","statementMap":{"0":{"start":{"line":1,"column":0},"end":{"line":1,"column":26}},"1":{"start":{"line":2,"column":0},"end":{"line":2,"column":62}},"2":{"start":{"line":3,"column":0},"end":{"line":3,"column":36}},"3":{"start":{"line":4,"column":0},"end":{"line":4,"column":34}},"4":{"start":{"line":8,"column":9},"end":{"line":8,"column":34}},"5":{"start":{"line":11,"column":9},"end":{"line":11,"column":32}},"6":{"start":{"line":14,"column":9},"end":{"line":14,"column":35}},"7":{"start":{"line":17,"column":9},"end":{"line":17,"column":37}},"8":{"start":{"line":20,"column":9},"end":{"line":20,"column":34}},"9":{"start":{"line":23,"column":9},"end":{"line":23,"column":39}},"10":{"start":{"line":26,"column":9},"end":{"line":26,"column":36}},"11":{"start":{"line":29,"column":9},"end":{"line":29,"column":39}},"12":{"start":{"line":8,"column":2},"end":{"line":8,"column":null}},"13":{"start":{"line":11,"column":2},"end":{"line":11,"column":null}},"14":{"start":{"line":14,"column":2},"end":{"line":14,"column":null}},"15":{"start":{"line":17,"column":2},"end":{"line":17,"column":null}},"16":{"start":{"line":20,"column":2},"end":{"line":20,"column":null}},"17":{"start":{"line":23,"column":2},"end":{"line":23,"column":null}},"18":{"start":{"line":26,"column":2},"end":{"line":26,"column":null}},"19":{"start":{"line":29,"column":2},"end":{"line":29,"column":null}},"20":{"start":{"line":32,"column":0},"end":{"line":32,"column":23}}},"fnMap":{"0":{"name":"(anonymous_3)","decl":{"start":{"line":6,"column":0},"end":{"line":6,"column":6}},"loc":{"start":{"line":6,"column":0},"end":{"line":30,"column":1}}}},"branchMap":{},"s":{"0":1,"1":1,"2":1,"3":1,"4":2,"5":2,"6":2,"7":2,"8":2,"9":2,"10":2,"11":2,"12":1,"13":1,"14":1,"15":1,"16":1,"17":1,"18":1,"19":1,"20":1},"f":{"0":2},"b":{}}
,"/Users/marvinknabe/Entwicklung/flutter/podcast_youtube/podapi_ts/src/Models/DTOs/FeedResponseDTO.ts": {"path":"/Users/marvinknabe/Entwicklung/flutter/podcast_youtube/podapi_ts/src/Models/DTOs/FeedResponseDTO.ts","statementMap":{"0":{"start":{"line":1,"column":0},"end":{"line":1,"column":62}},"1":{"start":{"line":2,"column":0},"end":{"line":2,"column":32}},"2":{"start":{"line":6,"column":9},"end":{"line":6,"column":35}},"3":{"start":{"line":6,"column":2},"end":{"line":6,"column":null}},"4":{"start":{"line":9,"column":0},"end":{"line":9,"column":31}}},"fnMap":{"0":{"name":"(anonymous_3)","decl":{"start":{"line":4,"column":0},"end":{"line":4,"column":6}},"loc":{"start":{"line":4,"column":0},"end":{"line":7,"column":1}}}},"branchMap":{},"s":{"0":1,"1":1,"2":1,"3":1,"4":1},"f":{"0":1},"b":{}}
,"/Users/marvinknabe/Entwicklung/flutter/podcast_youtube/podapi_ts/src/Models/DTOs/IdDTO.ts": {"path":"/Users/marvinknabe/Entwicklung/flutter/podcast_youtube/podapi_ts/src/Models/DTOs/IdDTO.ts","statementMap":{"0":{"start":{"line":1,"column":0},"end":{"line":1,"column":62}},"1":{"start":{"line":5,"column":9},"end":{"line":5,"column":34}},"2":{"start":{"line":8,"column":9},"end":{"line":8,"column":32}},"3":{"start":{"line":5,"column":2},"end":{"line":5,"column":null}},"4":{"start":{"line":8,"column":2},"end":{"line":8,"column":null}},"5":{"start":{"line":11,"column":0},"end":{"line":11,"column":21}}},"fnMap":{"0":{"name":"(anonymous_2)","decl":{"start":{"line":3,"column":0},"end":{"line":3,"column":6}},"loc":{"start":{"line":3,"column":0},"end":{"line":9,"column":1}}}},"branchMap":{},"s":{"0":1,"1":60,"2":60,"3":1,"4":1,"5":1},"f":{"0":60},"b":{}}
,"/Users/marvinknabe/Entwicklung/flutter/podcast_youtube/podapi_ts/src/Models/DTOs/ImageDTO.ts": {"path":"/Users/marvinknabe/Entwicklung/flutter/podcast_youtube/podapi_ts/src/Models/DTOs/ImageDTO.ts","statementMap":{"0":{"start":{"line":1,"column":0},"end":{"line":1,"column":50}},"1":{"start":{"line":5,"column":9},"end":{"line":5,"column":34}},"2":{"start":{"line":8,"column":9},"end":{"line":8,"column":36}},"3":{"start":{"line":5,"column":2},"end":{"line":5,"column":null}},"4":{"start":{"line":8,"column":2},"end":{"line":8,"column":null}},"5":{"start":{"line":11,"column":0},"end":{"line":11,"column":24}}},"fnMap":{"0":{"name":"(anonymous_2)","decl":{"start":{"line":3,"column":0},"end":{"line":3,"column":6}},"loc":{"start":{"line":3,"column":0},"end":{"line":9,"column":1}}}},"branchMap":{},"s":{"0":1,"1":180,"2":180,"3":1,"4":1,"5":1},"f":{"0":180},"b":{}}
,"/Users/marvinknabe/Entwicklung/flutter/podcast_youtube/podapi_ts/src/Models/DTOs/ReleaseDateDTO.ts": {"path":"/Users/marvinknabe/Entwicklung/flutter/podcast_youtube/podapi_ts/src/Models/DTOs/ReleaseDateDTO.ts","statementMap":{"0":{"start":{"line":1,"column":0},"end":{"line":1,"column":50}},"1":{"start":{"line":5,"column":9},"end":{"line":5,"column":34}},"2":{"start":{"line":8,"column":9},"end":{"line":8,"column":35}},"3":{"start":{"line":5,"column":2},"end":{"line":5,"column":null}},"4":{"start":{"line":8,"column":2},"end":{"line":8,"column":null}},"5":{"start":{"line":11,"column":0},"end":{"line":11,"column":30}}},"fnMap":{"0":{"name":"(anonymous_2)","decl":{"start":{"line":3,"column":0},"end":{"line":3,"column":6}},"loc":{"start":{"line":3,"column":0},"end":{"line":9,"column":1}}}},"branchMap":{},"s":{"0":1,"1":60,"2":60,"3":1,"4":1,"5":1},"f":{"0":60},"b":{}}
}
