TN:
SF:/Users/marvinknabe/Entwicklung/flutter/podcast_youtube/podapi_ts/src/Models/ChartItem.ts
FN:44,(anonymous_3)
FN:48,(anonymous_4)
FN:52,(anonymous_5)
FNF:3
FNH:3
FNDA:61,(anonymous_3)
FNDA:61,(anonymous_4)
FNDA:183,(anonymous_5)
DA:1,2
DA:5,2
DA:19,2
DA:21,2
DA:24,2
DA:27,2
DA:30,2
DA:33,2
DA:36,2
DA:39,2
DA:42,2
DA:45,61
DA:49,61
DA:50,61
DA:51,61
DA:52,183
DA:53,61
DA:54,61
DA:56,61
DA:57,27
DA:58,34
DA:59,34
LF:22
LH:22
BRDA:56,0,0,27
BRDA:56,0,1,34
BRDA:58,1,0,34
BRDA:58,1,1,0
BRF:4
BRH:3
end_of_record
TN:
SF:/Users/marvinknabe/Entwicklung/flutter/podcast_youtube/podapi_ts/src/Models/ChartResponse.ts
FN:25,(anonymous_3)
FN:29,(anonymous_4)
FN:30,(anonymous_5)
FNF:3
FNH:3
FNDA:2,(anonymous_3)
FNDA:2,(anonymous_4)
FNDA:60,(anonymous_5)
DA:1,1
DA:2,1
DA:4,1
DA:20,1
DA:23,1
DA:26,2
DA:30,60
LF:7
LH:7
BRF:0
BRH:0
end_of_record
TN:
SF:/Users/marvinknabe/Entwicklung/flutter/podcast_youtube/podapi_ts/src/Models/Model.ts
FN:4,(anonymous_0)
FN:10,(anonymous_1)
FNF:2
FNH:2
FNDA:63,(anonymous_0)
FNDA:1,(anonymous_1)
DA:1,2
DA:5,63
DA:11,1
DA:15,2
LF:4
LH:4
BRF:0
BRH:0
end_of_record
TN:
SF:/Users/marvinknabe/Entwicklung/flutter/podcast_youtube/podapi_ts/src/Models/DTOs/AuthorDTO.ts
FN:3,(anonymous_2)
FNF:1
FNH:1
FNDA:12,(anonymous_2)
DA:1,4
DA:5,12
DA:8,12
DA:11,4
LF:4
LH:4
BRF:0
BRH:0
end_of_record
TN:
SF:/Users/marvinknabe/Entwicklung/flutter/podcast_youtube/podapi_ts/src/Models/DTOs/CategoryDTO.ts
FN:3,(anonymous_2)
FNF:1
FNH:1
FNDA:360,(anonymous_2)
DA:1,4
DA:5,360
DA:8,360
DA:11,360
DA:14,4
LF:5
LH:5
BRF:0
BRH:0
end_of_record
TN:
SF:/Users/marvinknabe/Entwicklung/flutter/podcast_youtube/podapi_ts/src/Models/DTOs/ContentDTO.ts
FN:3,(anonymous_2)
FNF:1
FNH:1
FNDA:360,(anonymous_2)
DA:1,4
DA:5,360
DA:8,360
DA:11,4
LF:4
LH:4
BRF:0
BRH:0
end_of_record
TN:
SF:/Users/marvinknabe/Entwicklung/flutter/podcast_youtube/podapi_ts/src/Models/DTOs/EntryDTO.ts
FN:9,(anonymous_3)
FNF:1
FNH:1
FNDA:360,(anonymous_3)
DA:1,4
DA:3,4
DA:4,4
DA:5,4
DA:6,4
DA:7,4
DA:11,4
DA:14,360
DA:17,360
DA:20,360
DA:23,360
DA:26,360
DA:29,360
DA:32,360
DA:35,360
DA:38,360
DA:41,4
LF:17
LH:17
BRF:0
BRH:0
end_of_record
TN:
SF:/Users/marvinknabe/Entwicklung/flutter/podcast_youtube/podapi_ts/src/Models/DTOs/FeedDTO.ts
FN:6,(anonymous_3)
FNF:1
FNH:1
FNDA:10,(anonymous_3)
DA:1,4
DA:2,4
DA:3,4
DA:4,4
DA:8,10
DA:11,10
DA:14,10
DA:17,10
DA:20,10
DA:23,10
DA:26,10
DA:29,10
DA:32,4
LF:13
LH:13
BRF:0
BRH:0
end_of_record
TN:
SF:/Users/marvinknabe/Entwicklung/flutter/podcast_youtube/podapi_ts/src/Models/DTOs/FeedResponseDTO.ts
FN:4,(anonymous_3)
FNF:1
FNH:1
FNDA:4,(anonymous_3)
DA:1,3
DA:2,3
DA:6,4
DA:9,3
LF:4
LH:4
BRF:0
BRH:0
end_of_record
TN:
SF:/Users/marvinknabe/Entwicklung/flutter/podcast_youtube/podapi_ts/src/Models/DTOs/IdDTO.ts
FN:3,(anonymous_2)
FNF:1
FNH:1
FNDA:360,(anonymous_2)
DA:1,4
DA:5,360
DA:8,360
DA:11,4
LF:4
LH:4
BRF:0
BRH:0
end_of_record
TN:
SF:/Users/marvinknabe/Entwicklung/flutter/podcast_youtube/podapi_ts/src/Models/DTOs/ImageDTO.ts
FN:3,(anonymous_2)
FNF:1
FNH:1
FNDA:1080,(anonymous_2)
DA:1,4
DA:5,1080
DA:8,1080
DA:11,4
LF:4
LH:4
BRF:0
BRH:0
end_of_record
TN:
SF:/Users/marvinknabe/Entwicklung/flutter/podcast_youtube/podapi_ts/src/Models/DTOs/ReleaseDateDTO.ts
FN:3,(anonymous_2)
FNF:1
FNH:1
FNDA:360,(anonymous_2)
DA:1,4
DA:5,360
DA:8,360
DA:11,4
LF:4
LH:4
BRF:0
BRH:0
end_of_record
